<?xml version="1.0" encoding="UTF-8"?>
<!-- Generated by org.testng.reporters.JUnitReportReporter -->
<testsuite skipped="0" hostname="RRAJ2L2" name="com.ritu.tomtom.Elevaator.ElevatorTest" tests="8" failures="0" timestamp="06 Aug 2018 18:15:30 GMT" time="0.019" errors="0">
  <testcase name="testAddingDestination" time="0.000" classname="com.ritu.tomtom.Elevaator.ElevatorTest"/>
  <testcase name="checkDirectionDown" time="0.001" classname="com.ritu.tomtom.Elevaator.ElevatorTest"/>
  <testcase name="checkMoveDown" time="0.001" classname="com.ritu.tomtom.Elevaator.ElevatorTest"/>
  <testcase name="checkDirectionUp" time="0.005" classname="com.ritu.tomtom.Elevaator.ElevatorTest"/>
  <testcase name="checkStatusOccupied" time="0.002" classname="com.ritu.tomtom.Elevaator.ElevatorTest"/>
  <testcase name="checkDirectionHold" time="0.001" classname="com.ritu.tomtom.Elevaator.ElevatorTest"/>
  <testcase name="checkStatusEmpty" time="0.002" classname="com.ritu.tomtom.Elevaator.ElevatorTest"/>
  <testcase name="checkCurrentFloor" time="0.007" classname="com.ritu.tomtom.Elevaator.ElevatorTest"/>
</testsuite> <!-- com.ritu.tomtom.Elevaator.ElevatorTest -->
