<?xml version="1.0" encoding="UTF-8"?>
<!-- Generated by org.testng.reporters.JUnitReportReporter -->
<testsuite skipped="0" hostname="RRAJ2L2" name="com.ritu.tomtom.Elevaator.ElevatorControlSystemTest" tests="5" failures="0" timestamp="06 Aug 2018 18:19:28 GMT" time="0.035" errors="0">
  <testcase name="testCallingTwoElevators" time="0.022" classname="com.ritu.tomtom.Elevaator.ElevatorControlSystemTest"/>
  <testcase name="testSendingElevatorToMultipleDestinations" time="0.005" classname="com.ritu.tomtom.Elevaator.ElevatorControlSystemTest"/>
  <testcase name="testSendingElevatorToDestination" time="0.004" classname="com.ritu.tomtom.Elevaator.ElevatorControlSystemTest"/>
  <testcase name="testRequestingOneElevator" time="0.001" classname="com.ritu.tomtom.Elevaator.ElevatorControlSystemTest"/>
  <testcase name="testElevatorTwoNotMoving" time="0.003" classname="com.ritu.tomtom.Elevaator.ElevatorControlSystemTest"/>
</testsuite> <!-- com.ritu.tomtom.Elevaator.ElevatorControlSystemTest -->
